<?xml version="1.0" encoding="UTF-8"?>
<testsuite xmlns:xsi="http://www.w3.org/2001/XMLSchema-instance" xsi:noNamespaceSchemaLocation="https://maven.apache.org/surefire/maven-surefire-plugin/xsd/surefire-test-report-3.0.xsd" version="3.0" name="UserServiceTest" time="0.026" tests="5" errors="0" skipped="0" failures="0">
  <properties>
[...]
</properties>
  <testcase name="testGetAllUsers" classname="UserServiceTest" time="0.013"/>
  <testcase name="testUpdateUser" classname="UserServiceTest" time="0.001"/>
  <testcase name="testCreateUser" classname="UserServiceTest" time="0.001"/>
  <testcase name="testDeleteUser" classname="UserServiceTest" time="0.001"/>
  <testcase name="testGetUserById" classname="UserServiceTest" time="0.0"/>
</testsuite>